<?xml version="1.0" encoding="UTF-8"?>
<!-- Generated by org.testng.reporters.JUnitXMLReporter -->
<testsuite ignored="0" hostname="LAPTOP-MK5BCJM0" failures="1" tests="1" name="Firefox-Test" time="9.91" errors="0" timestamp="2025-08-12T17:03:54 BST">
  <testcase classname="test.cases.VerifyAddNewUser" name="verifyLoginTest" time="2.208">
    <failure type="org.openqa.selenium.ElementClickInterceptedException" message="Element &amp;lt;span class=&amp;quot;sidebar-item-label&amp;quot;&amp;gt; is not clickable at point (120,457) because another element &amp;lt;div class=&amp;quot;desk-sidebar-item standard-sidebar-item &amp;quot;&amp;gt; obscures it
Build info: version: &amp;apos;4.33.0&amp;apos;, revision: &amp;apos;2c6aaad03a&amp;apos;
System info: os.name: &amp;apos;Windows 11&amp;apos;, os.arch: &amp;apos;amd64&amp;apos;, os.version: &amp;apos;10.0&amp;apos;, java.version: &amp;apos;11.0.19&amp;apos;
Driver info: org.openqa.selenium.firefox.FirefoxDriver
Command: [af1a5ed1-856e-4009-8a11-ee38da71977d, clickElement {id=78a42c9b-33fa-403c-8089-19970a4eca74}]
Capabilities {acceptInsecureCerts: true, browserName: firefox, browserVersion: 141.0.3, moz:accessibilityChecks: false, moz:buildID: 20250806102122, moz:geckodriverVersion: 0.36.0, moz:headless: false, moz:platformVersion: 10.0, moz:processID: 25176, moz:profile: C:\Users\rosha\AppData\Loca..., moz:shutdownTimeout: 60000, moz:webdriverClick: true, moz:windowless: false, pageLoadStrategy: normal, platformName: windows, proxy: Proxy(), setWindowRect: true, strictFileInteractability: false, timeouts: {implicit: 0, pageLoad: 300000, script: 30000}, unhandledPromptBehavior: dismiss and notify, userAgent: Mozilla/5.0 (Windows NT 10....}
Element: [[FirefoxDriver: firefox on windows (af1a5ed1-856e-4009-8a11-ee38da71977d)] -&amp;gt; xpath: //a[@title=&amp;apos;Users&amp;apos;]//span[2]]
Session ID: af1a5ed1-856e-4009-8a11-ee38da71977d">
      <![CDATA[org.openqa.selenium.ElementClickInterceptedException: Element <span class="sidebar-item-label"> is not clickable at point (120,457) because another element <div class="desk-sidebar-item standard-sidebar-item "> obscures it
Build info: version: '4.33.0', revision: '2c6aaad03a'
System info: os.name: 'Windows 11', os.arch: 'amd64', os.version: '10.0', java.version: '11.0.19'
Driver info: org.openqa.selenium.firefox.FirefoxDriver
Command: [af1a5ed1-856e-4009-8a11-ee38da71977d, clickElement {id=78a42c9b-33fa-403c-8089-19970a4eca74}]
Capabilities {acceptInsecureCerts: true, browserName: firefox, browserVersion: 141.0.3, moz:accessibilityChecks: false, moz:buildID: 20250806102122, moz:geckodriverVersion: 0.36.0, moz:headless: false, moz:platformVersion: 10.0, moz:processID: 25176, moz:profile: C:\Users\rosha\AppData\Loca..., moz:shutdownTimeout: 60000, moz:webdriverClick: true, moz:windowless: false, pageLoadStrategy: normal, platformName: windows, proxy: Proxy(), setWindowRect: true, strictFileInteractability: false, timeouts: {implicit: 0, pageLoad: 300000, script: 30000}, unhandledPromptBehavior: dismiss and notify, userAgent: Mozilla/5.0 (Windows NT 10....}
Element: [[FirefoxDriver: firefox on windows (af1a5ed1-856e-4009-8a11-ee38da71977d)] -> xpath: //a[@title='Users']//span[2]]
Session ID: af1a5ed1-856e-4009-8a11-ee38da71977d
at org.openqa.selenium.remote.ErrorCodec.decode(ErrorCodec.java:167)
at org.openqa.selenium.remote.codec.w3c.W3CHttpResponseCodec.decode(W3CHttpResponseCodec.java:138)
at org.openqa.selenium.remote.codec.w3c.W3CHttpResponseCodec.decode(W3CHttpResponseCodec.java:50)
at org.openqa.selenium.remote.HttpCommandExecutor.execute(HttpCommandExecutor.java:215)
at org.openqa.selenium.remote.service.DriverCommandExecutor.invokeExecute(DriverCommandExecutor.java:216)
at org.openqa.selenium.remote.service.DriverCommandExecutor.execute(DriverCommandExecutor.java:174)
at org.openqa.selenium.remote.RemoteWebDriver.execute(RemoteWebDriver.java:544)
at org.openqa.selenium.remote.RemoteWebElement.execute(RemoteWebElement.java:223)
at org.openqa.selenium.remote.RemoteWebElement.click(RemoteWebElement.java:76)
at org.openqa.selenium.support.pagefactory.internal.LocatingElementHandler.invoke(LocatingElementHandler.java:51)
at com.sun.proxy.$Proxy29.click(Unknown Source)
at page.objects.HomePage.clickUsers(HomePage.java:31)
at test.cases.VerifyAddNewUser.verifyLoginTest(VerifyAddNewUser.java:32)
at java.base/java.util.ArrayList.forEach(ArrayList.java:1541)
... Removed 35 stack frames]]>
    </failure>
  </testcase> <!-- verifyLoginTest -->
</testsuite> <!-- Firefox-Test -->
